TN:
SF:src\Trabalho01Turma02.js
FN:2,(anonymous_0)
FN:7,(anonymous_1)
FN:11,(anonymous_2)
FN:12,(anonymous_3)
FN:15,(anonymous_4)
FN:16,(anonymous_5)
FN:19,(anonymous_6)
FN:20,(anonymous_7)
FN:23,(anonymous_8)
FN:27,(anonymous_9)
FN:31,(anonymous_10)
FN:32,(anonymous_11)
FN:35,(anonymous_12)
FN:36,(anonymous_13)
FN:39,(anonymous_14)
FN:43,(anonymous_15)
FN:54,(anonymous_16)
FN:64,(anonymous_17)
FN:65,(anonymous_18)
FN:68,(anonymous_19)
FN:69,(anonymous_20)
FN:72,(anonymous_21)
FN:76,(anonymous_22)
FN:80,(anonymous_23)
FN:81,(anonymous_24)
FN:84,(anonymous_25)
FN:85,(anonymous_26)
FN:88,(anonymous_27)
FN:95,(anonymous_28)
FN:96,(anonymous_29)
FNF:30
FNH:30
FNDA:21,(anonymous_0)
FNDA:25,(anonymous_1)
FNDA:1,(anonymous_2)
FNDA:1,(anonymous_3)
FNDA:7,(anonymous_4)
FNDA:7,(anonymous_5)
FNDA:1,(anonymous_6)
FNDA:1,(anonymous_7)
FNDA:1,(anonymous_8)
FNDA:9,(anonymous_9)
FNDA:1,(anonymous_10)
FNDA:1,(anonymous_11)
FNDA:3,(anonymous_12)
FNDA:3,(anonymous_13)
FNDA:1,(anonymous_14)
FNDA:2,(anonymous_15)
FNDA:2,(anonymous_16)
FNDA:1,(anonymous_17)
FNDA:2,(anonymous_18)
FNDA:1,(anonymous_19)
FNDA:2,(anonymous_20)
FNDA:1,(anonymous_21)
FNDA:1,(anonymous_22)
FNDA:1,(anonymous_23)
FNDA:2,(anonymous_24)
FNDA:1,(anonymous_25)
FNDA:3,(anonymous_26)
FNDA:1,(anonymous_27)
FNDA:1,(anonymous_28)
FNDA:3,(anonymous_29)
DA:3,21
DA:4,21
DA:8,25
DA:12,1
DA:16,7
DA:20,1
DA:24,1
DA:28,9
DA:32,1
DA:36,3
DA:40,1
DA:44,2
DA:45,2
DA:46,2
DA:47,1
DA:48,1
DA:49,1
DA:51,1
DA:55,2
DA:56,2
DA:57,1
DA:58,1
DA:59,1
DA:61,1
DA:65,2
DA:69,2
DA:73,1
DA:77,1
DA:81,2
DA:85,3
DA:89,1
DA:90,1
DA:91,1
DA:96,3
DA:100,1
LF:35
LH:35
BRDA:46,0,0,1
BRDA:46,0,1,1
BRDA:46,1,0,2
BRDA:46,1,1,2
BRDA:46,1,2,2
BRDA:56,2,0,1
BRDA:56,2,1,1
BRDA:56,3,0,2
BRDA:56,3,1,2
BRDA:90,4,0,1
BRDA:90,4,1,0
BRF:11
BRH:10
end_of_record
